[ 2013-09-09T23:59:15+08:00 ] 127.0.0.1 /greenfibre/index.php/Admin/item/type/2
INFO: [ route_check ] --START--
INFO: CheckRoute Behavior ::run [ RunTime:0.000856s ]
INFO: [ route_check ] --END-- [ RunTime:0.000972s ]
INFO: [ app_begin ] --START--
INFO: ReadHtmlCache Behavior ::run [ RunTime:0.000651s ]
INFO: CheckLang Behavior ::run [ RunTime:0.001125s ]
INFO: [ app_begin ] --END-- [ RunTime:0.001921s ]
NOTIC: 建议使用I方法替代_get
SQL: SHOW COLUMNS FROM `green_passage` [ RunTime:0.003218s ]
SQL: SELECT `passage_id`,`line1_title`,`line1_title_en`,`line1_text`,`line1_text_en` FROM `green_passage` WHERE ( `product_type` = 2 ) LIMIT 1   [ RunTime:0.000318s ]
INFO: [ view_parse ] --START--
NOTIC: [8] Undefined variable: result E:\wamp4\www\greenfibre\App\Runtime\Cache\fd8c14ad1519335f08aee09452274f0b.php 第 60 行.
NOTIC: [2] Illegal string offset 'line1_title' E:\wamp4\www\greenfibre\App\Runtime\Cache\fd8c14ad1519335f08aee09452274f0b.php 第 91 行.
NOTIC: [2] Illegal string offset 'line1_title_en' E:\wamp4\www\greenfibre\App\Runtime\Cache\fd8c14ad1519335f08aee09452274f0b.php 第 91 行.
NOTIC: [2] Illegal string offset 'line1_text' E:\wamp4\www\greenfibre\App\Runtime\Cache\fd8c14ad1519335f08aee09452274f0b.php 第 92 行.
NOTIC: [2] Illegal string offset 'line1_text_en' E:\wamp4\www\greenfibre\App\Runtime\Cache\fd8c14ad1519335f08aee09452274f0b.php 第 92 行.
NOTIC: [2] Illegal string offset 'line1_title' E:\wamp4\www\greenfibre\App\Runtime\Cache\fd8c14ad1519335f08aee09452274f0b.php 第 91 行.
NOTIC: [2] Illegal string offset 'line1_title_en' E:\wamp4\www\greenfibre\App\Runtime\Cache\fd8c14ad1519335f08aee09452274f0b.php 第 91 行.
NOTIC: [2] Illegal string offset 'line1_text' E:\wamp4\www\greenfibre\App\Runtime\Cache\fd8c14ad1519335f08aee09452274f0b.php 第 92 行.
NOTIC: [2] Illegal string offset 'line1_text_en' E:\wamp4\www\greenfibre\App\Runtime\Cache\fd8c14ad1519335f08aee09452274f0b.php 第 92 行.
NOTIC: [2] Illegal string offset 'line1_title' E:\wamp4\www\greenfibre\App\Runtime\Cache\fd8c14ad1519335f08aee09452274f0b.php 第 91 行.
NOTIC: [2] Illegal string offset 'line1_title_en' E:\wamp4\www\greenfibre\App\Runtime\Cache\fd8c14ad1519335f08aee09452274f0b.php 第 91 行.
NOTIC: [2] Illegal string offset 'line1_text' E:\wamp4\www\greenfibre\App\Runtime\Cache\fd8c14ad1519335f08aee09452274f0b.php 第 92 行.
NOTIC: [2] Illegal string offset 'line1_text_en' E:\wamp4\www\greenfibre\App\Runtime\Cache\fd8c14ad1519335f08aee09452274f0b.php 第 92 行.
NOTIC: [2] Illegal string offset 'line1_title' E:\wamp4\www\greenfibre\App\Runtime\Cache\fd8c14ad1519335f08aee09452274f0b.php 第 91 行.
NOTIC: [2] Illegal string offset 'line1_title_en' E:\wamp4\www\greenfibre\App\Runtime\Cache\fd8c14ad1519335f08aee09452274f0b.php 第 91 行.
NOTIC: [2] Illegal string offset 'line1_text' E:\wamp4\www\greenfibre\App\Runtime\Cache\fd8c14ad1519335f08aee09452274f0b.php 第 92 行.
NOTIC: [2] Illegal string offset 'line1_text_en' E:\wamp4\www\greenfibre\App\Runtime\Cache\fd8c14ad1519335f08aee09452274f0b.php 第 92 行.
NOTIC: [2] Illegal string offset 'line1_title' E:\wamp4\www\greenfibre\App\Runtime\Cache\fd8c14ad1519335f08aee09452274f0b.php 第 91 行.
NOTIC: [2] Illegal string offset 'line1_title_en' E:\wamp4\www\greenfibre\App\Runtime\Cache\fd8c14ad1519335f08aee09452274f0b.php 第 91 行.
NOTIC: [2] Illegal string offset 'line1_text' E:\wamp4\www\greenfibre\App\Runtime\Cache\fd8c14ad1519335f08aee09452274f0b.php 第 92 行.
NOTIC: [2] Illegal string offset 'line1_text_en' E:\wamp4\www\greenfibre\App\Runtime\Cache\fd8c14ad1519335f08aee09452274f0b.php 第 92 行.
INFO: ParseTemplate Behavior ::run [ RunTime:0.012072s ]
INFO: [ view_parse ] --END-- [ RunTime:0.012193s ]
INFO: [ view_filter ] --START--
INFO: ContentReplace Behavior ::run [ RunTime:0.000751s ]
INFO: TokenBuild Behavior ::run [ RunTime:0.000551s ]
INFO: WriteHtmlCache Behavior ::run [ RunTime:0.000426s ]
INFO: ShowRuntime Behavior ::run [ RunTime:0.000641s ]
INFO: [ view_filter ] --END-- [ RunTime:0.002665s ]
INFO: [ view_end ] --START--
INFO: ShowPageTrace Behavior ::run [ RunTime:0.000713s ]
INFO: [ view_end ] --END-- [ RunTime:0.000805s ]

